<?xml version="1.0" encoding="UTF-8"?>
<robot generator="Robot 6.0.2 (Python 3.10.9 on win32)" generated="20230526 06:27:14.911" rpa="false" schemaversion="3">
<suite id="s1" name="FlightApp" source="D:\FlightApp">
<suite id="s1-s1" name="BookFlight" source="D:\FlightApp\BookFlight.robot">
<test id="s1-s1-t1" name="/hierarchy/android.widget.FrameLayout/android.widget.LinearLayout/android.widget.FrameLayout/android.widget.LinearLayout/android.widget.FrameLayout/android.view.ViewGroup/android.widget.LinearLayout/android.widget.Spinner[1]" line="41">
<status status="FAIL" starttime="20230526 06:27:15.141" endtime="20230526 06:27:15.143">Test contains no keywords.</status>
</test>
<status status="FAIL" starttime="20230526 06:27:14.946" endtime="20230526 06:27:15.146"/>
</suite>
<status status="FAIL" starttime="20230526 06:27:14.918" endtime="20230526 06:27:15.150"/>
</suite>
<statistics>
<total>
<stat pass="0" fail="1" skip="0">All Tests</stat>
</total>
<tag>
</tag>
<suite>
<stat pass="0" fail="1" skip="0" id="s1" name="FlightApp">FlightApp</stat>
<stat pass="0" fail="1" skip="0" id="s1-s1" name="BookFlight">FlightApp.BookFlight</stat>
</suite>
</statistics>
<errors>
</errors>
</robot>
